#! /c/Source/iverilog-install/bin/vvp
:ivl_version "12.0 (devel)" "(s20150603-1539-g2693dd32b)";
:ivl_delay_selection "TYPICAL";
:vpi_time_precision - 12;
:vpi_module "C:\iverilog\lib\ivl\system.vpi";
:vpi_module "C:\iverilog\lib\ivl\vhdl_sys.vpi";
:vpi_module "C:\iverilog\lib\ivl\vhdl_textio.vpi";
:vpi_module "C:\iverilog\lib\ivl\v2005_math.vpi";
:vpi_module "C:\iverilog\lib\ivl\va_math.vpi";
S_0000029c4e9f9620 .scope module, "dflipflop_tb" "dflipflop_tb" 2 3;
 .timescale -9 -12;
v0000029c4ea8e0d0_0 .var "clk", 0 0;
v0000029c4ea8e170_0 .var "d", 0 0;
v0000029c4ea8ea20_0 .net "q", 0 0, v0000029c4ea8e030_0;  1 drivers
S_0000029c4e9fbb00 .scope task, "check" "check" 2 19, 2 19 0, S_0000029c4e9f9620;
 .timescale -9 -12;
v0000029c4e9f6b90_0 .var "expected", 0 0;
TD_dflipflop_tb.check ;
    %load/vec4 v0000029c4ea8ea20_0;
    %load/vec4 v0000029c4e9f6b90_0;
    %cmp/ne;
    %jmp/0xz  T_0.0, 6;
    %vpi_call 2 23 "$display", "FAIL at time %0t: d=%b q=%b expected=%b", $time, v0000029c4ea8e170_0, v0000029c4ea8ea20_0, v0000029c4e9f6b90_0 {0 0 0};
    %jmp T_0.1;
T_0.0 ;
    %vpi_call 2 26 "$display", "PASS at time %0t: d=%b q=%b", $time, v0000029c4ea8e170_0, v0000029c4ea8ea20_0 {0 0 0};
T_0.1 ;
    %end;
S_0000029c4e9fbc90 .scope module, "dut" "dflipflop" 2 9, 3 1 0, S_0000029c4e9f9620;
 .timescale 0 0;
    .port_info 0 /INPUT 1 "clk";
    .port_info 1 /INPUT 1 "d";
    .port_info 2 /OUTPUT 1 "q";
v0000029c4e9f6db0_0 .net "clk", 0 0, v0000029c4ea8e0d0_0;  1 drivers
v0000029c4e9f6910_0 .net "d", 0 0, v0000029c4ea8e170_0;  1 drivers
v0000029c4ea8e030_0 .var "q", 0 0;
E_0000029c4e9fc720 .event posedge, v0000029c4e9f6db0_0;
    .scope S_0000029c4e9fbc90;
T_1 ;
    %wait E_0000029c4e9fc720;
    %load/vec4 v0000029c4e9f6910_0;
    %assign/vec4 v0000029c4ea8e030_0, 0;
    %jmp T_1;
    .thread T_1;
    .scope S_0000029c4e9f9620;
T_2 ;
    %pushi/vec4 0, 0, 1;
    %store/vec4 v0000029c4ea8e0d0_0, 0, 1;
T_2.0 ;
    %delay 5000, 0;
    %load/vec4 v0000029c4ea8e0d0_0;
    %inv;
    %store/vec4 v0000029c4ea8e0d0_0, 0, 1;
    %jmp T_2.0;
    %end;
    .thread T_2;
    .scope S_0000029c4e9f9620;
T_3 ;
    %pushi/vec4 0, 0, 1;
    %store/vec4 v0000029c4ea8e170_0, 0, 1;
    %delay 7000, 0;
    %pushi/vec4 1, 0, 1;
    %store/vec4 v0000029c4ea8e170_0, 0, 1;
    %delay 10000, 0;
    %pushi/vec4 1, 0, 1;
    %store/vec4 v0000029c4e9f6b90_0, 0, 1;
    %fork TD_dflipflop_tb.check, S_0000029c4e9fbb00;
    %join;
    %pushi/vec4 0, 0, 1;
    %store/vec4 v0000029c4ea8e170_0, 0, 1;
    %delay 10000, 0;
    %pushi/vec4 0, 0, 1;
    %store/vec4 v0000029c4e9f6b90_0, 0, 1;
    %fork TD_dflipflop_tb.check, S_0000029c4e9fbb00;
    %join;
    %pushi/vec4 1, 0, 1;
    %store/vec4 v0000029c4ea8e170_0, 0, 1;
    %delay 10000, 0;
    %pushi/vec4 1, 0, 1;
    %store/vec4 v0000029c4e9f6b90_0, 0, 1;
    %fork TD_dflipflop_tb.check, S_0000029c4e9fbb00;
    %join;
    %vpi_call 2 47 "$display", "ALL TESTS COMPLETED" {0 0 0};
    %vpi_call 2 48 "$finish" {0 0 0};
    %end;
    .thread T_3;
# The file index is used to find the file name in the following table.
:file_names 4;
    "N/A";
    "<interactive>";
    "dflipflop/dflipflop_tb.v";
    "dflipflop/dflipflop.v";
